c:\users\alexm\desktop\gameprogramming\project3\visualstudiosdlproject\sdlproject\debug\vc142.pdb
c:\users\alexm\desktop\gameprogramming\project3\visualstudiosdlproject\sdlproject\debug\vc142.idb
c:\users\alexm\desktop\gameprogramming\project3\visualstudiosdlproject\sdlproject\debug\shaderprogram.obj
c:\users\alexm\desktop\gameprogramming\project3\visualstudiosdlproject\sdlproject\debug\main.obj
c:\users\alexm\desktop\gameprogramming\project3\visualstudiosdlproject\sdlproject\debug\glew32.dll
c:\users\alexm\desktop\gameprogramming\project3\visualstudiosdlproject\sdlproject\debug\sdl2.dll
c:\users\alexm\desktop\gameprogramming\project3\visualstudiosdlproject\sdlproject\debug\sdlproject.pdb
c:\users\alexm\desktop\gameprogramming\project3\visualstudiosdlproject\sdlproject\debug\sdlproject.tlog\cl.command.1.tlog
c:\users\alexm\desktop\gameprogramming\project3\visualstudiosdlproject\sdlproject\debug\sdlproject.tlog\cl.read.1.tlog
c:\users\alexm\desktop\gameprogramming\project3\visualstudiosdlproject\sdlproject\debug\sdlproject.tlog\cl.write.1.tlog
c:\users\alexm\desktop\gameprogramming\project3\visualstudiosdlproject\sdlproject\debug\sdlproject.tlog\copyfile.command.1.tlog
c:\users\alexm\desktop\gameprogramming\project3\visualstudiosdlproject\sdlproject\debug\sdlproject.tlog\copyfile.read.1.tlog
c:\users\alexm\desktop\gameprogramming\project3\visualstudiosdlproject\sdlproject\debug\sdlproject.tlog\copyfile.write.1.tlog
c:\users\alexm\desktop\gameprogramming\project3\visualstudiosdlproject\sdlproject\debug\sdlproject.tlog\link-cvtres.read.1.tlog
c:\users\alexm\desktop\gameprogramming\project3\visualstudiosdlproject\sdlproject\debug\sdlproject.tlog\link-cvtres.write.1.tlog
c:\users\alexm\desktop\gameprogramming\project3\visualstudiosdlproject\sdlproject\debug\sdlproject.tlog\link-rc.read.1.tlog
c:\users\alexm\desktop\gameprogramming\project3\visualstudiosdlproject\sdlproject\debug\sdlproject.tlog\link-rc.write.1.tlog
c:\users\alexm\desktop\gameprogramming\project3\visualstudiosdlproject\sdlproject\debug\sdlproject.tlog\link.command.1.tlog
c:\users\alexm\desktop\gameprogramming\project3\visualstudiosdlproject\sdlproject\debug\sdlproject.tlog\link.read.1.tlog
c:\users\alexm\desktop\gameprogramming\project3\visualstudiosdlproject\sdlproject\debug\sdlproject.tlog\link.write.1.tlog
